Determining if the pthread_create exist failed with the following output:
Change Dir: /home/nagaraj/Development/tools/realsense_ros/catkin_ws/build/CMakeFiles/CMakeTmp

Run Build Command:"/usr/bin/make" "cmTC_87b7b/fast"
/usr/bin/make -f CMakeFiles/cmTC_87b7b.dir/build.make CMakeFiles/cmTC_87b7b.dir/build
make[1]: Entering directory '/home/nagaraj/Development/tools/realsense_ros/catkin_ws/build/CMakeFiles/CMakeTmp'
Building C object CMakeFiles/cmTC_87b7b.dir/CheckSymbolExists.c.o
/usr/bin/cc    -o CMakeFiles/cmTC_87b7b.dir/CheckSymbolExists.c.o   -c /home/nagaraj/Development/tools/realsense_ros/catkin_ws/build/CMakeFiles/CMakeTmp/CheckSymbolExists.c
Linking C executable cmTC_87b7b
/usr/bin/cmake -E cmake_link_script CMakeFiles/cmTC_87b7b.dir/link.txt --verbose=1
/usr/bin/cc      -rdynamic CMakeFiles/cmTC_87b7b.dir/CheckSymbolExists.c.o  -o cmTC_87b7b 
CMakeFiles/cmTC_87b7b.dir/CheckSymbolExists.c.o: In function `main':
CheckSymbolExists.c:(.text+0x1b): undefined reference to `pthread_create'
collect2: error: ld returned 1 exit status
CMakeFiles/cmTC_87b7b.dir/build.make:97: recipe for target 'cmTC_87b7b' failed
make[1]: *** [cmTC_87b7b] Error 1
make[1]: Leaving directory '/home/nagaraj/Development/tools/realsense_ros/catkin_ws/build/CMakeFiles/CMakeTmp'
Makefile:126: recipe for target 'cmTC_87b7b/fast' failed
make: *** [cmTC_87b7b/fast] Error 2

File /home/nagaraj/Development/tools/realsense_ros/catkin_ws/build/CMakeFiles/CMakeTmp/CheckSymbolExists.c:
/* */
#include <pthread.h>

int main(int argc, char** argv)
{
  (void)argv;
#ifndef pthread_create
  return ((int*)(&pthread_create))[argc];
#else
  (void)argc;
  return 0;
#endif
}

Determining if the function pthread_create exists in the pthreads failed with the following output:
Change Dir: /home/nagaraj/Development/tools/realsense_ros/catkin_ws/build/CMakeFiles/CMakeTmp

Run Build Command:"/usr/bin/make" "cmTC_5d3e7/fast"
/usr/bin/make -f CMakeFiles/cmTC_5d3e7.dir/build.make CMakeFiles/cmTC_5d3e7.dir/build
make[1]: Entering directory '/home/nagaraj/Development/tools/realsense_ros/catkin_ws/build/CMakeFiles/CMakeTmp'
Building C object CMakeFiles/cmTC_5d3e7.dir/CheckFunctionExists.c.o
/usr/bin/cc   -DCHECK_FUNCTION_EXISTS=pthread_create   -o CMakeFiles/cmTC_5d3e7.dir/CheckFunctionExists.c.o   -c /usr/share/cmake-3.10/Modules/CheckFunctionExists.c
Linking C executable cmTC_5d3e7
/usr/bin/cmake -E cmake_link_script CMakeFiles/cmTC_5d3e7.dir/link.txt --verbose=1
/usr/bin/cc  -DCHECK_FUNCTION_EXISTS=pthread_create    -rdynamic CMakeFiles/cmTC_5d3e7.dir/CheckFunctionExists.c.o  -o cmTC_5d3e7 -lpthreads 
/usr/bin/ld: cannot find -lpthreads
collect2: error: ld returned 1 exit status
CMakeFiles/cmTC_5d3e7.dir/build.make:97: recipe for target 'cmTC_5d3e7' failed
make[1]: *** [cmTC_5d3e7] Error 1
make[1]: Leaving directory '/home/nagaraj/Development/tools/realsense_ros/catkin_ws/build/CMakeFiles/CMakeTmp'
Makefile:126: recipe for target 'cmTC_5d3e7/fast' failed
make: *** [cmTC_5d3e7/fast] Error 2


