Determining if the pthread_create exist failed with the following output:
Change Dir: /home/nagaraj/Development/tools/dependency_for_evo/catkin_ws/build/CMakeFiles/CMakeTmp

Run Build Command:"/usr/bin/make" "cmTC_07b40/fast"
/usr/bin/make -f CMakeFiles/cmTC_07b40.dir/build.make CMakeFiles/cmTC_07b40.dir/build
make[1]: Entering directory '/home/nagaraj/Development/tools/dependency_for_evo/catkin_ws/build/CMakeFiles/CMakeTmp'
Building C object CMakeFiles/cmTC_07b40.dir/CheckSymbolExists.c.o
/usr/bin/cc    -o CMakeFiles/cmTC_07b40.dir/CheckSymbolExists.c.o   -c /home/nagaraj/Development/tools/dependency_for_evo/catkin_ws/build/CMakeFiles/CMakeTmp/CheckSymbolExists.c
Linking C executable cmTC_07b40
/usr/bin/cmake -E cmake_link_script CMakeFiles/cmTC_07b40.dir/link.txt --verbose=1
/usr/bin/cc      -rdynamic CMakeFiles/cmTC_07b40.dir/CheckSymbolExists.c.o  -o cmTC_07b40 
CMakeFiles/cmTC_07b40.dir/CheckSymbolExists.c.o: In function `main':
CheckSymbolExists.c:(.text+0x1b): undefined reference to `pthread_create'
collect2: error: ld returned 1 exit status
CMakeFiles/cmTC_07b40.dir/build.make:97: recipe for target 'cmTC_07b40' failed
make[1]: *** [cmTC_07b40] Error 1
make[1]: Leaving directory '/home/nagaraj/Development/tools/dependency_for_evo/catkin_ws/build/CMakeFiles/CMakeTmp'
Makefile:126: recipe for target 'cmTC_07b40/fast' failed
make: *** [cmTC_07b40/fast] Error 2

File /home/nagaraj/Development/tools/dependency_for_evo/catkin_ws/build/CMakeFiles/CMakeTmp/CheckSymbolExists.c:
/* */
#include <pthread.h>

int main(int argc, char** argv)
{
  (void)argv;
#ifndef pthread_create
  return ((int*)(&pthread_create))[argc];
#else
  (void)argc;
  return 0;
#endif
}

Determining if the function pthread_create exists in the pthreads failed with the following output:
Change Dir: /home/nagaraj/Development/tools/dependency_for_evo/catkin_ws/build/CMakeFiles/CMakeTmp

Run Build Command:"/usr/bin/make" "cmTC_f532b/fast"
/usr/bin/make -f CMakeFiles/cmTC_f532b.dir/build.make CMakeFiles/cmTC_f532b.dir/build
make[1]: Entering directory '/home/nagaraj/Development/tools/dependency_for_evo/catkin_ws/build/CMakeFiles/CMakeTmp'
Building C object CMakeFiles/cmTC_f532b.dir/CheckFunctionExists.c.o
/usr/bin/cc   -DCHECK_FUNCTION_EXISTS=pthread_create   -o CMakeFiles/cmTC_f532b.dir/CheckFunctionExists.c.o   -c /usr/share/cmake-3.10/Modules/CheckFunctionExists.c
Linking C executable cmTC_f532b
/usr/bin/cmake -E cmake_link_script CMakeFiles/cmTC_f532b.dir/link.txt --verbose=1
/usr/bin/cc  -DCHECK_FUNCTION_EXISTS=pthread_create    -rdynamic CMakeFiles/cmTC_f532b.dir/CheckFunctionExists.c.o  -o cmTC_f532b -lpthreads 
/usr/bin/ld: cannot find -lpthreads
collect2: error: ld returned 1 exit status
CMakeFiles/cmTC_f532b.dir/build.make:97: recipe for target 'cmTC_f532b' failed
make[1]: *** [cmTC_f532b] Error 1
make[1]: Leaving directory '/home/nagaraj/Development/tools/dependency_for_evo/catkin_ws/build/CMakeFiles/CMakeTmp'
Makefile:126: recipe for target 'cmTC_f532b/fast' failed
make: *** [cmTC_f532b/fast] Error 2


